<?xml version="1.0" encoding="UTF-8"?>
<!-- Generated by org.testng.reporters.JUnitReportReporter -->
<testsuite name="com.tests.LoginTest" tests="2" time="14.352" ignored="0" failures="0" timestamp="17 Sep 2023 11:40:57 GMT" skipped="0" hostname="DESKTOP-SNIGSR3" errors="0">
  <testcase name="test02" time="7.696" classname="com.tests.LoginTest"/>
  <testcase name="test01" time="6.656" classname="com.tests.LoginTest"/>
</testsuite> <!-- com.tests.LoginTest -->
